2025-10-21 16:51:39,966 DEBUG    root            Loaded Command Group: ['gcloud', 'components']
2025-10-21 16:51:39,999 DEBUG    root            Loaded Command Group: ['gcloud', 'components', 'update']
2025-10-21 16:51:40,001 DEBUG    root            Running [gcloud.components.update] with arguments: [--quiet: "True", COMPONENT-IDS:8: "['gcloud', 'core', 'bq', 'gsutil', 'compute', 'preview', 'alpha', 'beta']"]
2025-10-21 16:51:40,002 INFO     ___FILE_ONLY___ Beginning update. This process may take several minutes.

2025-10-21 16:51:40,010 DEBUG    urllib3.connectionpool Starting new HTTPS connection (1): dl.google.com:443
2025-10-21 16:51:40,025 DEBUG    urllib3.connectionpool https://dl.google.com:443 "GET /dl/cloudsdk/channels/rapid/components-2.json HTTP/1.1" 200 233157
2025-10-21 16:51:40,038 WARNING  root            Component [compute] no longer exists.
2025-10-21 16:51:40,039 INFO     ___FILE_ONLY___ 

2025-10-21 16:51:40,039 INFO     ___FILE_ONLY___ 
Your current Google Cloud CLI version is: 544.0.0

2025-10-21 16:51:40,039 INFO     ___FILE_ONLY___ Installing components from version: 544.0.0

2025-10-21 16:51:40,039 INFO     ___FILE_ONLY___ 

2025-10-21 16:51:40,039 DEBUG    root            Chosen display Format:table[box,title="These components will be removed."](details.display_name:label=Name:align=left,version.version_string:label=Version:align=right,data.size.size(zero="",min=1048576):label=Size:align=right)
2025-10-21 16:51:40,040 DEBUG    root            Chosen display Format:table[box,title="These components will be updated."](details.display_name:label=Name:align=left,version.version_string:label=Version:align=right,data.size.size(zero="",min=1048576):label=Size:align=right)
2025-10-21 16:51:40,040 DEBUG    root            Chosen display Format:table[box,title="These components will be installed."](details.display_name:label=Name:align=left,version.version_string:label=Version:align=right,data.size.size(zero="",min=1048576):label=Size:align=right)
2025-10-21 16:51:40,056 INFO     ___FILE_ONLY___ ┌────────────────────────────────────────────────┐
2025-10-21 16:51:40,057 INFO     ___FILE_ONLY___ 

2025-10-21 16:51:40,057 INFO     ___FILE_ONLY___ │      These components will be installed.       │
2025-10-21 16:51:40,057 INFO     ___FILE_ONLY___ 

2025-10-21 16:51:40,057 INFO     ___FILE_ONLY___ ├─────────────────────────┬────────────┬─────────┤
2025-10-21 16:51:40,057 INFO     ___FILE_ONLY___ 

2025-10-21 16:51:40,057 INFO     ___FILE_ONLY___ │           Name          │  Version   │   Size  │
2025-10-21 16:51:40,057 INFO     ___FILE_ONLY___ 

2025-10-21 16:51:40,057 INFO     ___FILE_ONLY___ ├─────────────────────────┼────────────┼─────────┤
2025-10-21 16:51:40,057 INFO     ___FILE_ONLY___ 

2025-10-21 16:51:40,057 INFO     ___FILE_ONLY___ │ 
2025-10-21 16:51:40,057 INFO     ___FILE_ONLY___ gcloud Alpha Commands  
2025-10-21 16:51:40,057 INFO     ___FILE_ONLY___  
2025-10-21 16:51:40,057 INFO     ___FILE_ONLY___ │ 
2025-10-21 16:51:40,057 INFO     ___FILE_ONLY___ 2025.10.17
2025-10-21 16:51:40,057 INFO     ___FILE_ONLY___  
2025-10-21 16:51:40,057 INFO     ___FILE_ONLY___ │ 
2025-10-21 16:51:40,057 INFO     ___FILE_ONLY___ < 1 MiB
2025-10-21 16:51:40,058 INFO     ___FILE_ONLY___  
2025-10-21 16:51:40,058 INFO     ___FILE_ONLY___ │
2025-10-21 16:51:40,058 INFO     ___FILE_ONLY___ 

2025-10-21 16:51:40,058 INFO     ___FILE_ONLY___ │ 
2025-10-21 16:51:40,058 INFO     ___FILE_ONLY___ gcloud Beta Commands   
2025-10-21 16:51:40,058 INFO     ___FILE_ONLY___  
2025-10-21 16:51:40,058 INFO     ___FILE_ONLY___ │ 
2025-10-21 16:51:40,058 INFO     ___FILE_ONLY___ 2025.10.17
2025-10-21 16:51:40,058 INFO     ___FILE_ONLY___  
2025-10-21 16:51:40,058 INFO     ___FILE_ONLY___ │ 
2025-10-21 16:51:40,058 INFO     ___FILE_ONLY___ < 1 MiB
2025-10-21 16:51:40,058 INFO     ___FILE_ONLY___  
2025-10-21 16:51:40,058 INFO     ___FILE_ONLY___ │
2025-10-21 16:51:40,058 INFO     ___FILE_ONLY___ 

2025-10-21 16:51:40,058 INFO     ___FILE_ONLY___ │ 
2025-10-21 16:51:40,058 INFO     ___FILE_ONLY___ gcloud Preview Commands
2025-10-21 16:51:40,058 INFO     ___FILE_ONLY___  
2025-10-21 16:51:40,058 INFO     ___FILE_ONLY___ │ 
2025-10-21 16:51:40,058 INFO     ___FILE_ONLY___           
2025-10-21 16:51:40,058 INFO     ___FILE_ONLY___  
2025-10-21 16:51:40,059 INFO     ___FILE_ONLY___ │ 
2025-10-21 16:51:40,059 INFO     ___FILE_ONLY___ < 1 MiB
2025-10-21 16:51:40,059 INFO     ___FILE_ONLY___  
2025-10-21 16:51:40,059 INFO     ___FILE_ONLY___ │
2025-10-21 16:51:40,059 INFO     ___FILE_ONLY___ 

2025-10-21 16:51:40,059 INFO     ___FILE_ONLY___ └─────────────────────────┴────────────┴─────────┘
2025-10-21 16:51:40,059 INFO     ___FILE_ONLY___ 

2025-10-21 16:51:40,059 INFO     ___FILE_ONLY___ 

2025-10-21 16:51:40,062 DEBUG    urllib3.connectionpool Starting new HTTPS connection (1): dl.google.com:443
2025-10-21 16:51:40,079 DEBUG    urllib3.connectionpool https://dl.google.com:443 "GET /dl/cloudsdk/channels/rapid/RELEASE_NOTES HTTP/1.1" 200 1506053
2025-10-21 16:51:40,600 INFO     ___FILE_ONLY___ For the latest full release notes, please visit:
  https://cloud.google.com/sdk/release_notes


2025-10-21 16:51:40,600 INFO     ___FILE_ONLY___ Performing in place update...


2025-10-21 16:51:40,602 INFO     ___FILE_ONLY___ ╔════════════════════════════════════════════════════════════╗

2025-10-21 16:51:40,602 INFO     ___FILE_ONLY___ ╠═ Downloading: gcloud Alpha Commands                       ═╣

2025-10-21 16:51:40,602 INFO     ___FILE_ONLY___ ╚
2025-10-21 16:51:40,605 DEBUG    urllib3.connectionpool Starting new HTTPS connection (1): dl.google.com:443
2025-10-21 16:51:40,617 DEBUG    urllib3.connectionpool https://dl.google.com:443 "GET /dl/cloudsdk/channels/rapid/components/google-cloud-sdk-alpha-20251017124533.tar.gz HTTP/1.1" 200 800
2025-10-21 16:51:40,617 INFO     ___FILE_ONLY___ ════════════════════════════════════════════════════════════
2025-10-21 16:51:40,618 INFO     ___FILE_ONLY___ ╝

2025-10-21 16:51:40,619 INFO     ___FILE_ONLY___ ╔════════════════════════════════════════════════════════════╗

2025-10-21 16:51:40,620 INFO     ___FILE_ONLY___ ╠═ Downloading: gcloud Beta Commands                        ═╣

2025-10-21 16:51:40,620 INFO     ___FILE_ONLY___ ╚
2025-10-21 16:51:40,622 DEBUG    urllib3.connectionpool Starting new HTTPS connection (1): dl.google.com:443
2025-10-21 16:51:40,633 DEBUG    urllib3.connectionpool https://dl.google.com:443 "GET /dl/cloudsdk/channels/rapid/components/google-cloud-sdk-beta-20251017124533.tar.gz HTTP/1.1" 200 797
2025-10-21 16:51:40,634 INFO     ___FILE_ONLY___ ════════════════════════════════════════════════════════════
2025-10-21 16:51:40,634 INFO     ___FILE_ONLY___ ╝

2025-10-21 16:51:40,636 INFO     ___FILE_ONLY___ ╔════════════════════════════════════════════════════════════╗

2025-10-21 16:51:40,636 INFO     ___FILE_ONLY___ ╠═ Downloading: gcloud Preview Commands                     ═╣

2025-10-21 16:51:40,636 INFO     ___FILE_ONLY___ ╚
2025-10-21 16:51:40,638 DEBUG    urllib3.connectionpool Starting new HTTPS connection (1): dl.google.com:443
2025-10-21 16:51:40,685 DEBUG    urllib3.connectionpool https://dl.google.com:443 "GET /dl/cloudsdk/channels/rapid/components/google-cloud-sdk-preview-20241115154308.tar.gz HTTP/1.1" 200 823
2025-10-21 16:51:40,686 INFO     ___FILE_ONLY___ ════════════════════════════════════════════════════════════
2025-10-21 16:51:40,686 INFO     ___FILE_ONLY___ ╝

2025-10-21 16:51:40,688 INFO     ___FILE_ONLY___ ╔════════════════════════════════════════════════════════════╗

2025-10-21 16:51:40,688 INFO     ___FILE_ONLY___ ╠═ Installing: gcloud Alpha Commands                        ═╣

2025-10-21 16:51:40,688 INFO     ___FILE_ONLY___ ╚
2025-10-21 16:51:40,689 INFO     ___FILE_ONLY___ ════════════════════════════════════════════════════════════
2025-10-21 16:51:40,689 INFO     ___FILE_ONLY___ ╝

2025-10-21 16:51:40,694 INFO     ___FILE_ONLY___ ╔════════════════════════════════════════════════════════════╗

2025-10-21 16:51:40,694 INFO     ___FILE_ONLY___ ╠═ Installing: gcloud Beta Commands                         ═╣

2025-10-21 16:51:40,694 INFO     ___FILE_ONLY___ ╚
2025-10-21 16:51:40,695 INFO     ___FILE_ONLY___ ════════════════════════════════════════════════════════════
2025-10-21 16:51:40,695 INFO     ___FILE_ONLY___ ╝

2025-10-21 16:51:40,700 INFO     ___FILE_ONLY___ ╔════════════════════════════════════════════════════════════╗

2025-10-21 16:51:40,700 INFO     ___FILE_ONLY___ ╠═ Installing: gcloud Preview Commands                      ═╣

2025-10-21 16:51:40,700 INFO     ___FILE_ONLY___ ╚
2025-10-21 16:51:40,701 INFO     ___FILE_ONLY___ ════════════════════════════════════════════════════════════
2025-10-21 16:51:40,701 INFO     ___FILE_ONLY___ ╝

2025-10-21 16:51:40,706 DEBUG    root            Updating notification cache...
2025-10-21 16:51:40,706 INFO     ___FILE_ONLY___ 

2025-10-21 16:51:40,708 INFO     ___FILE_ONLY___ Performing post processing steps...
2025-10-21 16:51:40,708 DEBUG    root            Executing command: ['/tools/google-cloud-sdk/bin/gcloud', 'components', 'post-process']
2025-10-21 16:51:49,457 DEBUG    ___FILE_ONLY___ 
2025-10-21 16:51:49,458 DEBUG    ___FILE_ONLY___ 
2025-10-21 16:51:49,470 INFO     root            descriptor_list: [{'universeDomain': 'googleapis.com', 'universeShortName': '', 'authenticationDomain': 'auth.cloud.google.com', 'projectPrefix': '', 'cloudWebDomain': 'cloud.google.com', 'documentationDomain': 'cloud.google.com', 'version': '1.0.0', 'state': 'primary', 'artifactRegistryDomain': 'pkg.dev'}]
2025-10-21 16:51:49,470 INFO     ___FILE_ONLY___ 
Update done!


2025-10-21 16:51:49,472 DEBUG    root            Chosen display Format:none
2025-10-21 16:51:49,473 INFO     root            Display format: "none"
